<?xml version="1.0" encoding="UTF-8"?>
<!-- Generated by org.testng.reporters.JUnitXMLReporter -->
<testsuite ignored="0" hostname="DESKTOP-2IPOH7J" failures="0" tests="1" name="Test" time="0.035" errors="0" timestamp="2024-12-15T18:05:28 AST">
  <testcase classname="com.API.base.Base" name="@BeforeSuite runServer" time="0.018">
    <failure type="io.appium.java_client.service.local.InvalidServerInstanceException" message="The main Appium script does not exist at &amp;apos;C:\Users\skc\AppData\Roaming\npm\node_modules\appium\lib\main&amp;apos;">
      <![CDATA[io.appium.java_client.service.local.InvalidServerInstanceException: The main Appium script does not exist at 'C:\Users\skc\AppData\Roaming\npm\node_modules\appium\lib\main'
at io.appium.java_client.service.local.AppiumServiceBuilder.validatePath(AppiumServiceBuilder.java:131)
at io.appium.java_client.service.local.AppiumServiceBuilder.loadPathToMainScript(AppiumServiceBuilder.java:295)
at io.appium.java_client.service.local.AppiumServiceBuilder.createArgs(AppiumServiceBuilder.java:362)
at org.openqa.selenium.remote.service.DriverService$Builder.build(DriverService.java:510)
at io.appium.java_client.service.local.AppiumDriverLocalService.buildService(AppiumDriverLocalService.java:91)
at com.API.base.Base.runServer(Base.java:39)
... Removed 17 stack frames]]>
    </failure>
  </testcase> <!-- @BeforeSuite runServer -->
  <testcase classname="com.API.base.Base" name="@BeforeClass runApplication" time="0.0">
    <skipped/>
  </testcase> <!-- @BeforeClass runApplication -->
  <testcase classname="com.API.base.Base" name="@AfterClass tearDown" time="0.0">
    <skipped/>
  </testcase> <!-- @AfterClass tearDown -->
  <testcase classname="com.api.homepagetest.HomeTest" name="createNewProduct" time="0.0">
    <skipped/>
  </testcase> <!-- createNewProduct -->
</testsuite> <!-- Test -->
