<?xml version="1.0" encoding="UTF-8"?>
<!-- Generated by org.testng.reporters.JUnitXMLReporter -->
<testsuite ignored="0" hostname="DESKTOP-2IPOH7J" failures="1" tests="1" name="Test" time="33.81" errors="0" timestamp="2024-12-17T13:28:12 AST">
  <testcase classname="com.api.homepagetest.HomeTest" name="createNewProduct" time="15.817">
    <failure type="java.lang.AssertionError" message="expected [true] but found [false]">
      <![CDATA[java.lang.AssertionError: expected [true] but found [false]
at com.api.homepagetest.HomeTest.createNewProduct(HomeTest.java:20)
at java.base/java.util.ArrayList.forEach(ArrayList.java:1511)
... Removed 33 stack frames]]>
    </failure>
  </testcase> <!-- createNewProduct -->
</testsuite> <!-- Test -->
