<?xml version="1.0" encoding="UTF-8"?>
<testng-results ignored="0" total="1" passed="1" failed="0" skipped="0">
  <reporter-output>
  </reporter-output>
  <suite started-at="2024-12-16T14:50:02 AST" name="Suite" finished-at="2024-12-16T14:50:32 AST" duration-ms="30193">
    <groups>
    </groups>
    <test started-at="2024-12-16T14:50:02 AST" name="Test" finished-at="2024-12-16T14:50:32 AST" duration-ms="30193">
      <class name="com.api.homepagetest.HomeTest">
        <test-method is-config="true" signature="runApplication(java.lang.String,boolean)[pri:0, instance:com.api.homepagetest.HomeTest@c7a975a]" started-at="2024-12-16T14:50:02 AST" name="runApplication" finished-at="2024-12-16T14:50:24 AST" duration-ms="22092" status="PASS">
          <params>
            <param index="0">
              <value>
                <![CDATA[Android]]>
              </value>
            </param>
            <param index="1">
              <value>
                <![CDATA[true]]>
              </value>
            </param>
          </params>
          <reporter-output>
          </reporter-output>
        </test-method> <!-- runApplication -->
        <test-method signature="createNewProduct()[pri:1, instance:com.api.homepagetest.HomeTest@c7a975a]" started-at="2024-12-16T14:50:24 AST" name="createNewProduct" description="Add a new product and verify it’s added successfully" finished-at="2024-12-16T14:50:31 AST" duration-ms="7102" status="PASS">
          <reporter-output>
          </reporter-output>
        </test-method> <!-- createNewProduct -->
        <test-method is-config="true" signature="tearDown()[pri:0, instance:com.api.homepagetest.HomeTest@c7a975a]" started-at="2024-12-16T14:50:31 AST" name="tearDown" finished-at="2024-12-16T14:50:32 AST" duration-ms="923" status="PASS">
          <reporter-output>
          </reporter-output>
        </test-method> <!-- tearDown -->
      </class> <!-- com.api.homepagetest.HomeTest -->
    </test> <!-- Test -->
  </suite> <!-- Suite -->
</testng-results>
