<?xml version="1.0" encoding="UTF-8"?>
<testsuite xmlns:xsi="http://www.w3.org/2001/XMLSchema-instance" xsi:noNamespaceSchemaLocation="https://maven.apache.org/surefire/maven-surefire-plugin/xsd/surefire-test-report-3.0.xsd" version="3.0" name="TestSuite" time="24.99" tests="1" errors="0" skipped="0" failures="0">
  <properties>
[...]
</properties>
  <testcase name="createNewProduct" classname="com.api.homepagetest.HomeTest" time="9.396">
    <system-out><![CDATA[WARN Appium Appium encountered 1 warning while validating drivers found in manifest C:\Users\skc\.appium\node_modules\.cache\appium\extensions.yaml
WARN Appium Driver "uiautomator2" has 1 potential problem: 
WARN Appium   - Driver "uiautomator2" (package `appium-uiautomator2-driver`) may be incompatible with the current version of Appium (v2.0.1) due to its peer dependency on older Appium v^2.4.1 || ^3.0.0-beta.0. Please ask the developer of `appium-uiautomator2-driver` to update the peer dependency on Appium to v2.0.1.
&amp#27;[35m[Appium]&amp#27;[39m Welcome to Appium v2.0.1
&amp#27;[35m[Appium]&amp#27;[39m Non-default server args:
&amp#27;[35m[Appium]&amp#27;[39m { address: &amp#27;[32m'127.0.0.1'&amp#27;[39m }
&amp#27;[35m[Appium]&amp#27;[39m Attempting to load driver uiautomator2...
[debug] &amp#27;[35m[Appium]&amp#27;[39m Requiring driver at C:\Users\skc\.appium\node_modules\appium-uiautomator2-driver
&amp#27;[35m[Appium]&amp#27;[39m Appium REST http interface listener started on http://127.0.0.1:4723
&amp#27;[35m[Appium]&amp#27;[39m Available drivers:
&amp#27;[35m[Appium]&amp#27;[39m   - uiautomator2@3.9.5 (automationName 'UiAutomator2')
&amp#27;[35m[Appium]&amp#27;[39m No plugins have been installed. Use the "appium plugin" command to install the one(s) you want to use.
&amp#27;[38;5;0m[HTTP]&amp#27;[0m &amp#27;[37m-->&amp#27;[39m &amp#27;[37mGET&amp#27;[39m &amp#27;[37m/status&amp#27;[39m &amp#27;[90m{}&amp#27;[39m
[debug] &amp#27;[38;5;16m[AppiumDriver@b8c9]&amp#27;[0m Calling AppiumDriver.getStatus() with args: []
[debug] &amp#27;[38;5;16m[AppiumDriver@b8c9]&amp#27;[0m Responding to client with driver.getStatus() result: {"build":{"version":"2.0.1"}}
&amp#27;[38;5;0m[HTTP]&amp#27;[0m &amp#27;[37m<-- GET /status &amp#27;[39m&amp#27;[32m200&amp#27;[39m &amp#27;[90m4 ms - 39&amp#27;[39m &amp#27;[90m&amp#27;[39m
&amp#27;[38;5;0m[HTTP]&amp#27;[0m &amp#27;[37m-->&amp#27;[39m &amp#27;[37mGET&amp#27;[39m &amp#27;[37m/status&amp#27;[39m &amp#27;[90m{}&amp#27;[39m
[debug] &amp#27;[38;5;16m[AppiumDriver@b8c9]&amp#27;[0m Calling AppiumDriver.getStatus() with args: []
[debug] &amp#27;[38;5;16m[AppiumDriver@b8c9]&amp#27;[0m Responding to client with driver.getStatus() result: {"build":{"version":"2.0.1"}}
Appium server started successfully!
&amp#27;[38;5;0m[HTTP]&amp#27;[0m &amp#27;[37m<-- GET /status &amp#27;[39m&amp#27;[32m200&amp#27;[39m &amp#27;[90m1 ms - 39&amp#27;[39m &amp#27;[90m&amp#27;[39m
[debug] &amp#27;[38;5;0m[HTTP]&amp#27;[0m Request idempotency key: c8fa20a8-74b7-458f-bd37-25f8b52996a8
&amp#27;[38;5;0m[HTTP]&amp#27;[0m &amp#27;[37m-->&amp#27;[39m &amp#27;[37mPOST&amp#27;[39m &amp#27;[37m/session&amp#27;[39m &amp#27;[90m{"capabilities":{"firstMatch":[{"appium:deviceName":"10831153CG000998","platformName":"ANDROID","appium:automationName":"UiAutomator2","appium:app":"D:\\New folder\\appiumproject/src/test/resources/ApiDemos-debug.apk","appium:platformVersion":"13"}]}}&amp#27;[39m
[debug] &amp#27;[38;5;16m[AppiumDriver@b8c9]&amp#27;[0m Calling AppiumDriver.createSession() with args: [null,null,{"firstMatch":[{"appium:deviceName":"10831153CG000998","platformName":"ANDROID","appium:automationName":"UiAutomator2","appium:app":"D:\\New folder\\appiumproject/src/test/resources/ApiDemos-debug.apk","appium:platformVersion":"13"}]}]
[debug] &amp#27;[38;5;16m[AppiumDriver@b8c9]&amp#27;[0m Event 'newSessionRequested' logged at 1734346327397 (13:52:07 GMT+0300 (Arabian Standard Time))
&amp#27;[35m[Appium]&amp#27;[39m Attempting to find matching driver for automationName 'UiAutomator2' and platformName 'ANDROID'
&amp#27;[35m[Appium]&amp#27;[39m The 'uiautomator2' driver was installed and matched caps.
&amp#27;[35m[Appium]&amp#27;[39m Will require it at C:\Users\skc\.appium\node_modules\appium-uiautomator2-driver
[debug] &amp#27;[35m[Appium]&amp#27;[39m Requiring driver at C:\Users\skc\.appium\node_modules\appium-uiautomator2-driver
&amp#27;[38;5;16m[AppiumDriver@b8c9]&amp#27;[0m Appium v2.0.1 creating new AndroidUiautomator2Driver (v3.9.5) session
&amp#27;[38;5;16m[AppiumDriver@b8c9]&amp#27;[0m Checking BaseDriver versions for Appium and AndroidUiautomator2Driver
&amp#27;[38;5;16m[AppiumDriver@b8c9]&amp#27;[0m Appium's BaseDriver version is 9.13.1
&amp#27;[38;5;16m[AppiumDriver@b8c9]&amp#27;[0m AndroidUiautomator2Driver's BaseDriver version is 9.13.1
[debug] &amp#27;[38;5;32m[AndroidUiautomator2Driver@89e8]&amp#27;[0m 
[debug] &amp#27;[38;5;32m[AndroidUiautomator2Driver@89e8]&amp#27;[0m Creating session with W3C capabilities: {
  "alwaysMatch": {
    "platformName": "ANDROID",
    "appium:deviceName": "10831153CG000998",
    "appium:automationName": "UiAutomator2",
    "appium:app": "D:\\New folder\\appiumproject/src/test/resources/ApiDemos-debug.apk",
    "appium:platformVersion": "13"
  },
  "firstMatch": [
    {}
  ]
}
&amp#27;[38;5;32m[AndroidUiautomator2Driver@89e8]&amp#27;[0m Session created with session id: d2c43e44-2063-42f8-8084-10164abce55e
&amp#27;[38;5;48m[ADB]&amp#27;[0m Found 3 'build-tools' folders under 'C:\Users\skc\AppData\Local\Android\Sdk' (newest first):
&amp#27;[38;5;48m[ADB]&amp#27;[0m     C:\Users\skc\AppData\Local\Android\Sdk\build-tools\35.0.0
&amp#27;[38;5;48m[ADB]&amp#27;[0m     C:\Users\skc\AppData\Local\Android\Sdk\build-tools\34.0.0
&amp#27;[38;5;48m[ADB]&amp#27;[0m     C:\Users\skc\AppData\Local\Android\Sdk\build-tools\30.0.3
&amp#27;[38;5;48m[ADB]&amp#27;[0m Using 'adb.exe' from 'C:\Users\skc\AppData\Local\Android\Sdk\platform-tools\adb.exe'
[debug] &amp#27;[38;5;48m[ADB]&amp#27;[0m Running 'C:\Users\skc\AppData\Local\Android\Sdk\platform-tools\adb.exe -P 5037 start-server'
&amp#27;[38;5;32m[AndroidUiautomator2Driver@89e8]&amp#27;[0m Retrieving device list
[debug] &amp#27;[38;5;48m[ADB]&amp#27;[0m Trying to find connected Android devices
[debug] &amp#27;[38;5;48m[ADB]&amp#27;[0m Getting connected devices
[debug] &amp#27;[38;5;48m[ADB]&amp#27;[0m Connected devices: [{"udid":"10831153CG000998","state":"device"}]
&amp#27;[38;5;32m[AndroidUiautomator2Driver@89e8]&amp#27;[0m Looking for a device with Android '13.0.0'
[debug] &amp#27;[38;5;48m[ADB]&amp#27;[0m Setting device id to 10831153CG000998
&amp#27;[38;5;48m[ADB]&amp#27;[0m Getting device platform version
[debug] &amp#27;[38;5;48m[ADB]&amp#27;[0m Running 'C:\Users\skc\AppData\Local\Android\Sdk\platform-tools\adb.exe -P 5037 -s 10831153CG000998 shell getprop ro.build.version.release'
[debug] &amp#27;[38;5;48m[ADB]&amp#27;[0m Current device property 'ro.build.version.release': 13
&amp#27;[38;5;32m[AndroidUiautomator2Driver@89e8]&amp#27;[0m Using device: 10831153CG000998
&amp#27;[38;5;48m[ADB]&amp#27;[0m Using 'adb.exe' from 'C:\Users\skc\AppData\Local\Android\Sdk\platform-tools\adb.exe'
[debug] &amp#27;[38;5;48m[ADB]&amp#27;[0m Running 'C:\Users\skc\AppData\Local\Android\Sdk\platform-tools\adb.exe -P 5037 start-server'
[debug] &amp#27;[38;5;48m[ADB]&amp#27;[0m Setting device id to 10831153CG000998
&amp#27;[38;5;64m[BaseDriver]&amp#27;[0m Using local app 'D:\New folder\appiumproject/src/test/resources/ApiDemos-debug.apk'
[debug] &amp#27;[38;5;32m[AndroidUiautomator2Driver@89e8]&amp#27;[0m Checking whether app is actually present
[debug] &amp#27;[38;5;48m[ADB]&amp#27;[0m Running 'C:\Users\skc\AppData\Local\Android\Sdk\platform-tools\adb.exe -P 5037 -s 10831153CG000998 shell getprop ro.build.version.sdk'
[debug] &amp#27;[38;5;48m[ADB]&amp#27;[0m Current device property 'ro.build.version.sdk': 33
&amp#27;[38;5;48m[ADB]&amp#27;[0m Getting device platform version
[debug] &amp#27;[38;5;48m[ADB]&amp#27;[0m Running 'C:\Users\skc\AppData\Local\Android\Sdk\platform-tools\adb.exe -P 5037 -s 10831153CG000998 shell getprop ro.build.version.release'
[debug] &amp#27;[38;5;48m[ADB]&amp#27;[0m Current device property 'ro.build.version.release': 13
[debug] &amp#27;[38;5;48m[ADB]&amp#27;[0m Device API level: 33
&amp#27;[38;5;32m[AndroidUiautomator2Driver@89e8]&amp#27;[0m Relaxing hidden api policy
[debug] &amp#27;[38;5;48m[ADB]&amp#27;[0m Running 'C:\Users\skc\AppData\Local\Android\Sdk\platform-tools\adb.exe -P 5037 -s 10831153CG000998 shell 'settings put global hidden_api_policy_pre_p_apps 1;settings put global hidden_api_policy_p_apps 1;settings put global hidden_api_policy 1''
[debug] &amp#27;[38;5;32m[AndroidUiautomator2Driver@89e8]&amp#27;[0m Parsing package and activity from app manifest
[debug] &amp#27;[38;5;32m[AndroidUiautomator2Driver@89e8]&amp#27;[0m Pushing settings apk to the device...
[debug] &amp#27;[38;5;48m[ADB]&amp#27;[0m Getting package info for 'io.appium.settings'
[debug] &amp#27;[38;5;48m[ADB]&amp#27;[0m Running 'C:\Users\skc\AppData\Local\Android\Sdk\platform-tools\adb.exe -P 5037 -s 10831153CG000998 shell dumpsys package io.appium.settings'
&amp#27;[38;5;48m[ADB]&amp#27;[0m Using 'aapt2.exe' from 'C:\Users\skc\AppData\Local\Android\Sdk\build-tools\35.0.0\aapt2.exe'
[debug] &amp#27;[38;5;48m[ADB]&amp#27;[0m Reading package manifest: 'C:\\Users\\skc\\AppData\\Local\\Android\\Sdk\\build-tools\\35.0.0\\aapt2.exe dump badging 'D:\\New folder\\appiumproject/src/test/resources/ApiDemos-debug.apk''
&amp#27;[38;5;48m[ADB]&amp#27;[0m Package name: 'io.appium.android.apis'
&amp#27;[38;5;48m[ADB]&amp#27;[0m Main activity name: 'io.appium.android.apis.ApiDemos'
[debug] &amp#27;[38;5;32m[AndroidUiautomator2Driver@89e8]&amp#27;[0m Parsed package and activity are: io.appium.android.apis/io.appium.android.apis.ApiDemos
[debug] &amp#27;[38;5;48m[ADB]&amp#27;[0m Reading package manifest: 'C:\\Users\\skc\\AppData\\Local\\Android\\Sdk\\build-tools\\35.0.0\\aapt2.exe dump badging C:\\Users\\skc\\.appium\\node_modules\\appium-uiautomator2-driver\\node_modules\\io.appium.settings\\apks\\settings_apk-debug.apk'
[debug] &amp#27;[38;5;48m[ADB]&amp#27;[0m The version name of the installed 'io.appium.settings' is greater or equal to the application version name ('5.12.19' >= '5.12.19')
[debug] &amp#27;[38;5;48m[ADB]&amp#27;[0m There is no need to install/upgrade 'C:\Users\skc\.appium\node_modules\appium-uiautomator2-driver\node_modules\io.appium.settings\apks\settings_apk-debug.apk'
[debug] &amp#27;[38;5;48m[ADB]&amp#27;[0m Running 'C:\Users\skc\AppData\Local\Android\Sdk\platform-tools\adb.exe -P 5037 -s 10831153CG000998 shell dumpsys activity services io.appium.settings'
[debug] &amp#27;[38;5;32m[AndroidUiautomator2Driver@89e8]&amp#27;[0m io.appium.settings is already running. There is no need to reset its permissions.
[debug] &amp#27;[38;5;80m[Logcat]&amp#27;[0m Starting logs capture with command: C:\\Users\\skc\\AppData\\Local\\Android\\Sdk\\platform-tools\\adb.exe -P 5037 -s 10831153CG000998 logcat -v threadtime
[debug] &amp#27;[38;5;48m[ADB]&amp#27;[0m Running 'C:\Users\skc\AppData\Local\Android\Sdk\platform-tools\adb.exe -P 5037 -s 10831153CG000998 shell appops set io.appium.settings android:mock_location allow'
[debug] &amp#27;[38;5;48m[ADB]&amp#27;[0m Running 'C:\Users\skc\AppData\Local\Android\Sdk\platform-tools\adb.exe -P 5037 -s 10831153CG000998 shell "[ -e '/data/local/tmp/mock_apps.json' ] && echo __PASS__"'
[debug] &amp#27;[38;5;48m[ADB]&amp#27;[0m Running 'C:\Users\skc\AppData\Local\Android\Sdk\platform-tools\adb.exe -P 5037 -s 10831153CG000998 shell cat /data/local/tmp/mock_apps.json'
[debug] &amp#27;[38;5;32m[AndroidUiautomator2Driver@89e8]&amp#27;[0m Forwarding UiAutomator2 Server port 6790 to local port 8200
[debug] &amp#27;[38;5;48m[ADB]&amp#27;[0m Forwarding system: 8200 to device: 6790
[debug] &amp#27;[38;5;48m[ADB]&amp#27;[0m Running 'C:\Users\skc\AppData\Local\Android\Sdk\platform-tools\adb.exe -P 5037 -s 10831153CG000998 forward tcp:8200 tcp:6790'
[debug] &amp#27;[38;5;48m[ADB]&amp#27;[0m Getting package info for 'io.appium.uiautomator2.server'
[debug] &amp#27;[38;5;48m[ADB]&amp#27;[0m Running 'C:\Users\skc\AppData\Local\Android\Sdk\platform-tools\adb.exe -P 5037 -s 10831153CG000998 shell dumpsys package io.appium.uiautomator2.server'
[debug] &amp#27;[38;5;48m[ADB]&amp#27;[0m Getting install status for io.appium.uiautomator2.server.test
[debug] &amp#27;[38;5;48m[ADB]&amp#27;[0m Checking app cert for D:\New folder\appiumproject/src/test/resources/ApiDemos-debug.apk
[debug] &amp#27;[38;5;48m[ADB]&amp#27;[0m Running 'C:\Users\skc\AppData\Local\Android\Sdk\platform-tools\adb.exe -P 5037 -s 10831153CG000998 shell cmd package list packages'
&amp#27;[38;5;48m[ADB]&amp#27;[0m Using 'apksigner.jar' from 'C:\Users\skc\AppData\Local\Android\Sdk\build-tools\35.0.0\lib\apksigner.jar'
[debug] &amp#27;[38;5;48m[ADB]&amp#27;[0m Starting apksigner: 'C:\\Program Files\\Java\\jdk-20\\bin\\java.exe' -Xmx1024M -Xss1m -jar C:\\Users\\skc\\AppData\\Local\\Android\\Sdk\\build-tools\\35.0.0\\lib\\apksigner.jar verify --print-certs 'D:\\New folder\\appiumproject/src/test/resources/ApiDemos-debug.apk'
[debug] &amp#27;[38;5;48m[ADB]&amp#27;[0m 'io.appium.uiautomator2.server.test' is installed
[debug] &amp#27;[38;5;48m[ADB]&amp#27;[0m Reading package manifest: 'C:\\Users\\skc\\AppData\\Local\\Android\\Sdk\\build-tools\\35.0.0\\aapt2.exe dump badging C:\\Users\\skc\\.appium\\node_modules\\appium-uiautomator2-driver\\node_modules\\appium-uiautomator2-server\\apks\\appium-uiautomator2-server-v7.1.7.apk'
[debug] &amp#27;[38;5;48m[ADB]&amp#27;[0m The version name of the installed 'io.appium.uiautomator2.server' is greater or equal to the application version name ('7.1.7' >= '7.1.7')
[debug] &amp#27;[38;5;32m[AndroidUiautomator2Driver@89e8]&amp#27;[0m Server packages status: [{"installState":"sameVersionInstalled","appPath":"C:\\Users\\skc\\.appium\\node_modules\\appium-uiautomator2-driver\\node_modules\\appium-uiautomator2-server\\apks\\appium-uiautomator2-server-v7.1.7.apk","appId":"io.appium.uiautomator2.server"},{"installState":"sameVersionInstalled","appPath":"C:\\Users\\skc\\.appium\\node_modules\\appium-uiautomator2-driver\\node_modules\\appium-uiautomator2-server\\apks\\appium-uiautomator2-server-debug-androidTest.apk","appId":"io.appium.uiautomator2.server.test"}]
&amp#27;[38;5;32m[AndroidUiautomator2Driver@89e8]&amp#27;[0m Server packages are not going to be (re)installed
[debug] &amp#27;[38;5;32m[AndroidUiautomator2Driver@89e8]&amp#27;[0m Waiting up to 30000ms for services to be available
[debug] &amp#27;[38;5;48m[ADB]&amp#27;[0m Running 'C:\Users\skc\AppData\Local\Android\Sdk\platform-tools\adb.exe -P 5037 -s 10831153CG000998 shell pm list instrumentation'
[debug] &amp#27;[38;5;32m[AndroidUiautomator2Driver@89e8]&amp#27;[0m Instrumentation target 'io.appium.uiautomator2.server.test/androidx.test.runner.AndroidJUnitRunner' is available
&amp#27;[38;5;48m[ADB]&amp#27;[0m Adding packages ["io.appium.settings","io.appium.uiautomator2.server","io.appium.uiautomator2.server.test"] to Doze whitelist
[debug] &amp#27;[38;5;48m[ADB]&amp#27;[0m Got the following command chunks to execute: [["dumpsys","deviceidle","whitelist","+io.appium.settings",";","dumpsys","deviceidle","whitelist","+io.appium.uiautomator2.server",";","dumpsys","deviceidle","whitelist","+io.appium.uiautomator2.server.test",";"]]
[debug] &amp#27;[38;5;48m[ADB]&amp#27;[0m Running 'C:\Users\skc\AppData\Local\Android\Sdk\platform-tools\adb.exe -P 5037 -s 10831153CG000998 shell dumpsys deviceidle whitelist +io.appium.settings ; dumpsys deviceidle whitelist +io.appium.uiautomator2.server ; dumpsys deviceidle whitelist +io.appium.uiautomator2.server.test ;'
[debug] &amp#27;[38;5;48m[ADB]&amp#27;[0m apksigner stdout: Signer #1 certificate DN: EMAILADDRESS=android@android.com, CN=Android, OU=Android, O=Android, L=Mountain View, ST=California, C=US
Signer #1 certificate SHA-256 digest: a40da80a59d170caa950cf15c18c454d47a39b26989d8b640ecd745ba71bf5dc
Signer #1 certificate SHA-1 digest: 61ed377e85d386a8dfee6b864bd85b0bfaa5af81
Signer #1 certificate MD5 digest: e89b158e4bcf988ebd09eb83f5378e87

[debug] &amp#27;[38;5;48m[ADB]&amp#27;[0m sha256 hash did match for 'ApiDemos-debug.apk'
&amp#27;[38;5;48m[ADB]&amp#27;[0m 'D:\New folder\appiumproject/src/test/resources/ApiDemos-debug.apk' is signed with the default certificate
[debug] &amp#27;[38;5;48m[ADB]&amp#27;[0m Getting package info for 'io.appium.android.apis'
[debug] &amp#27;[38;5;48m[ADB]&amp#27;[0m Running 'C:\Users\skc\AppData\Local\Android\Sdk\platform-tools\adb.exe -P 5037 -s 10831153CG000998 shell dumpsys package io.appium.android.apis'
[debug] &amp#27;[38;5;48m[ADB]&amp#27;[0m Reading package manifest: 'C:\\Users\\skc\\AppData\\Local\\Android\\Sdk\\build-tools\\35.0.0\\aapt2.exe dump badging 'D:\\New folder\\appiumproject/src/test/resources/ApiDemos-debug.apk''
[debug] &amp#27;[38;5;48m[ADB]&amp#27;[0m The version name of the installed 'io.appium.android.apis' is greater or equal to the application version name ('3.1.0' >= '3.1.0')
[debug] &amp#27;[38;5;48m[ADB]&amp#27;[0m There is no need to install/upgrade 'D:\New folder\appiumproject/src/test/resources/ApiDemos-debug.apk'
&amp#27;[38;5;32m[AndroidUiautomator2Driver@89e8]&amp#27;[0m Performing fast reset on 'io.appium.android.apis'
[debug] &amp#27;[38;5;48m[ADB]&amp#27;[0m Getting install status for io.appium.android.apis
[debug] &amp#27;[38;5;48m[ADB]&amp#27;[0m Running 'C:\Users\skc\AppData\Local\Android\Sdk\platform-tools\adb.exe -P 5037 -s 10831153CG000998 shell cmd package list packages'
[debug] &amp#27;[38;5;48m[ADB]&amp#27;[0m 'io.appium.android.apis' is installed
[debug] &amp#27;[38;5;48m[ADB]&amp#27;[0m Running 'C:\Users\skc\AppData\Local\Android\Sdk\platform-tools\adb.exe -P 5037 -s 10831153CG000998 shell am force-stop io.appium.android.apis'
[debug] &amp#27;[38;5;48m[ADB]&amp#27;[0m Running 'C:\Users\skc\AppData\Local\Android\Sdk\platform-tools\adb.exe -P 5037 -s 10831153CG000998 shell pm clear io.appium.android.apis'
[debug] &amp#27;[38;5;32m[AndroidUiautomator2Driver@89e8]&amp#27;[0m Performed fast reset on the installed 'io.appium.android.apis' application (stop and clear)
[debug] &amp#27;[38;5;32m[AndroidUiautomator2Driver@89e8]&amp#27;[0m Performing shallow cleanup of automation leftovers
[debug] &amp#27;[38;5;32m[AndroidUiautomator2Driver@89e8]&amp#27;[0m No obsolete sessions have been detected (socket hang up)
[debug] &amp#27;[38;5;48m[ADB]&amp#27;[0m Running 'C:\Users\skc\AppData\Local\Android\Sdk\platform-tools\adb.exe -P 5037 -s 10831153CG000998 shell am force-stop io.appium.uiautomator2.server'
[debug] &amp#27;[38;5;48m[ADB]&amp#27;[0m Running 'C:\Users\skc\AppData\Local\Android\Sdk\platform-tools\adb.exe -P 5037 -s 10831153CG000998 shell am force-stop io.appium.uiautomator2.server.test'
&amp#27;[38;5;32m[AndroidUiautomator2Driver@89e8]&amp#27;[0m Starting UIAutomator2 server 7.1.7
&amp#27;[38;5;32m[AndroidUiautomator2Driver@89e8]&amp#27;[0m Using UIAutomator2 server from 'C:\Users\skc\.appium\node_modules\appium-uiautomator2-driver\node_modules\appium-uiautomator2-server\apks\appium-uiautomator2-server-v7.1.7.apk' and test from 'C:\Users\skc\.appium\node_modules\appium-uiautomator2-driver\node_modules\appium-uiautomator2-server\apks\appium-uiautomator2-server-debug-androidTest.apk'
&amp#27;[38;5;32m[AndroidUiautomator2Driver@89e8]&amp#27;[0m Waiting up to 30000ms for UiAutomator2 to be online...
[debug] &amp#27;[38;5;48m[ADB]&amp#27;[0m Creating ADB subprocess with args: ["-P","5037","-s","10831153CG000998","shell","am","instrument","-w","-e","disableAnalytics","true","io.appium.uiautomator2.server.test/androidx.test.runner.AndroidJUnitRunner"]
[debug] &amp#27;[38;5;32m[AndroidUiautomator2Driver@89e8]&amp#27;[0m Matched '/status' to command name 'getStatus'
[debug] &amp#27;[38;5;32m[AndroidUiautomator2Driver@89e8]&amp#27;[0m Proxying [GET /status] to [GET http://127.0.0.1:8200/status] with no body
&amp#27;[38;5;32m[AndroidUiautomator2Driver@89e8]&amp#27;[0m socket hang up
[debug] &amp#27;[38;5;32m[AndroidUiautomator2Driver@89e8]&amp#27;[0m Matched '/status' to command name 'getStatus'
[debug] &amp#27;[38;5;32m[AndroidUiautomator2Driver@89e8]&amp#27;[0m Proxying [GET /status] to [GET http://127.0.0.1:8200/status] with no body
&amp#27;[38;5;32m[AndroidUiautomator2Driver@89e8]&amp#27;[0m socket hang up
[debug] &amp#27;[38;5;32m[AndroidUiautomator2Driver@89e8]&amp#27;[0m Matched '/status' to command name 'getStatus'
[debug] &amp#27;[38;5;32m[AndroidUiautomator2Driver@89e8]&amp#27;[0m Proxying [GET /status] to [GET http://127.0.0.1:8200/status] with no body
&amp#27;[38;5;32m[AndroidUiautomator2Driver@89e8]&amp#27;[0m socket hang up
[debug] &amp#27;[38;5;32m[AndroidUiautomator2Driver@89e8]&amp#27;[0m [Instrumentation] 
[debug] &amp#27;[38;5;32m[AndroidUiautomator2Driver@89e8]&amp#27;[0m Matched '/status' to command name 'getStatus'
[debug] &amp#27;[38;5;32m[AndroidUiautomator2Driver@89e8]&amp#27;[0m Proxying [GET /status] to [GET http://127.0.0.1:8200/status] with no body
&amp#27;[38;5;32m[AndroidUiautomator2Driver@89e8]&amp#27;[0m socket hang up
[debug] &amp#27;[38;5;32m[AndroidUiautomator2Driver@89e8]&amp#27;[0m Matched '/status' to command name 'getStatus'
[debug] &amp#27;[38;5;32m[AndroidUiautomator2Driver@89e8]&amp#27;[0m Proxying [GET /status] to [GET http://127.0.0.1:8200/status] with no body
[debug] &amp#27;[38;5;32m[AndroidUiautomator2Driver@89e8]&amp#27;[0m Got response with status 200: {"sessionId":"None","value":{"message":"UiAutomator2 Server is ready to accept commands","ready":true}}
[debug] &amp#27;[38;5;32m[AndroidUiautomator2Driver@89e8]&amp#27;[0m The initialization of the instrumentation process took 4248ms
[debug] &amp#27;[38;5;32m[AndroidUiautomator2Driver@89e8]&amp#27;[0m Matched '/session' to command name 'createSession'
[debug] &amp#27;[38;5;32m[AndroidUiautomator2Driver@89e8]&amp#27;[0m Proxying [POST /session] to [POST http://127.0.0.1:8200/session] with body: {"capabilities":{"firstMatch":[{"platformName":"ANDROID","deviceName":"10831153CG000998","automationName":"UiAutomator2","app":"D:\\New folder\\appiumproject/src/test/resources/ApiDemos-debug.apk","platformVersion":"13","platform":"LINUX","webStorageEnabled":false,"takesScreenshot":true,"javascriptEnabled":true,"databaseEnabled":false,"networkConnectionEnabled":true,"locationContextEnabled":false,"warnings":{},"desired":{"platformName":"ANDROID","deviceName":"10831153CG000998","automationName":"UiAutomator2","app":"D:\\New folder\\appiumproject/src/test/resources/ApiDemos-debug.apk","platformVersion":"13"},"deviceUDID":"10831153CG000998","appPackage":"io.appium.android.apis"}],"alwaysMatch":{}}}
[debug] &amp#27;[38;5;32m[AndroidUiautomator2Driver@89e8]&amp#27;[0m Got response with status 200: {"sessionId":"df1c8802-90d2-4e9a-af2a-9e1f2bc07cfb","value":{"capabilities":{"firstMatch":[{"platformName":"ANDROID","deviceName":"10831153CG000998","automationName":"UiAutomator2","app":"D:\\New folder\\appiumproject/src/test/resources/ApiDemos-debug.apk","platformVersion":"13","platform":"LINUX","webStorageEnabled":false,"takesScreenshot":true,"javascriptEnabled":true,"databaseEnabled":false,"networkConnectionEnabled":true,"locationContextEnabled":false,"warnings":{},"desired":{"platformName":"ANDROID","deviceName":"10831153CG000998","automationName":"UiAutomator2","app":"D:\\New folder\\appiumproject/src/test/resources/ApiDemos-debug.apk","platformVersion":"13"},"deviceUDID":"10831153CG000998","appPackage":"io.appium.android.apis"}],"alwaysMatch":{}},"sessionId":"df1c8802-90d2-4e9a-af2a-9e1f2bc07cfb"}}
&amp#27;[38;5;32m[AndroidUiautomator2Driver@89e8]&amp#27;[0m Determined the downstream protocol as 'W3C'
[debug] &amp#27;[38;5;32m[AndroidUiautomator2Driver@89e8]&amp#27;[0m Proxying [GET /appium/device/pixel_ratio] to [GET http://127.0.0.1:8200/session/df1c8802-90d2-4e9a-af2a-9e1f2bc07cfb/appium/device/pixel_ratio] with no body
[debug] &amp#27;[38;5;32m[AndroidUiautomator2Driver@89e8]&amp#27;[0m Matched '/appium/device/system_bars' to command name 'getSystemBars'
[debug] &amp#27;[38;5;32m[AndroidUiautomator2Driver@89e8]&amp#27;[0m Proxying [GET /appium/device/system_bars] to [GET http://127.0.0.1:8200/session/df1c8802-90d2-4e9a-af2a-9e1f2bc07cfb/appium/device/system_bars] with no body
[debug] &amp#27;[38;5;32m[AndroidUiautomator2Driver@89e8]&amp#27;[0m Matched '/window/current/size' to command name 'getWindowSize'
[debug] &amp#27;[38;5;32m[AndroidUiautomator2Driver@89e8]&amp#27;[0m Proxying [GET /window/current/size] to [GET http://127.0.0.1:8200/session/df1c8802-90d2-4e9a-af2a-9e1f2bc07cfb/window/current/size] with no body
[debug] &amp#27;[38;5;32m[AndroidUiautomator2Driver@89e8]&amp#27;[0m Proxying [GET /appium/device/info] to [GET http://127.0.0.1:8200/session/df1c8802-90d2-4e9a-af2a-9e1f2bc07cfb/appium/device/info] with no body
[debug] &amp#27;[38;5;48m[ADB]&amp#27;[0m Running 'C:\Users\skc\AppData\Local\Android\Sdk\platform-tools\adb.exe -P 5037 -s 10831153CG000998 shell dumpsys window'
[debug] &amp#27;[38;5;48m[ADB]&amp#27;[0m Running 'C:\Users\skc\AppData\Local\Android\Sdk\platform-tools\adb.exe -P 5037 -s 10831153CG000998 shell dumpsys power'
[debug] &amp#27;[38;5;32m[AndroidUiautomator2Driver@89e8]&amp#27;[0m Got response with status 200: {"sessionId":"df1c8802-90d2-4e9a-af2a-9e1f2bc07cfb","value":2}
[debug] &amp#27;[38;5;32m[AndroidUiautomator2Driver@89e8]&amp#27;[0m Got response with status 200: {"sessionId":"df1c8802-90d2-4e9a-af2a-9e1f2bc07cfb","value":{"statusBar":72}}
[debug] &amp#27;[38;5;32m[AndroidUiautomator2Driver@89e8]&amp#27;[0m Got response with status 200: {"sessionId":"df1c8802-90d2-4e9a-af2a-9e1f2bc07cfb","value":{"height":1612,"width":720}}
[debug] &amp#27;[38;5;32m[AndroidUiautomator2Driver@89e8]&amp#27;[0m Got response with status 200: {"sessionId":"df1c8802-90d2-4e9a-af2a-9e1f2bc07cfb","value":{"androidId":"631c694519fd91f7","apiVersion":"33","bluetooth":{"state":"OFF"},"brand":"TECNO","carrierName":"Umniah","displayDensity":320,"locale":"en_US","manufacturer":"TECNO","model":"TECNO BG7","networks":[{"capabilities":{"SSID":null,"linkDownBandwidthKbps":60000,"linkUpstreamBandwidthKbps":12000,"networkCapabilities":"NET_CAPABILITY_NOT_METERED,NET_CAPABILITY_INTERNET,NET_CAPABILITY_NOT_RESTRICTED,NET_CAPABILITY_TRUSTED,NET_CAPABILITY_NOT_VPN,NET_CAPABILITY_VALIDATED,NET_CAPABILITY_NOT_ROAMING,NET_CAPABILITY_FOREGROUND,NET_CAPABILITY_NOT_CONGESTED,NET_CAPABILITY_NOT_SUSPENDED","signalStrength":-63,"transportTypes":"TRANSPORT_WIFI"},"detailedState":"CONNECTED","extraInfo":"","isAvailable":true,"isConnected":true,"isFailover":false,"isRoaming":false,"state":"CONNECTED","subtype":-1,"subtypeName":"","type":1,"typeName":"WIFI"}],"platformVersion":"13","realDisplaySize":"720x1612","timeZone":"Asia/Amman"}}
&amp#27;[38;5;32m[AndroidUiautomator2Driver@89e8]&amp#27;[0m Screen already unlocked, doing nothing
&amp#27;[38;5;32m[AndroidUiautomator2Driver@89e8]&amp#27;[0m Starting 'io.appium.android.apis/io.appium.android.apis.ApiDemos and waiting for 'io.appium.android.apis/io.appium.android.apis.ApiDemos'
[debug] &amp#27;[38;5;48m[ADB]&amp#27;[0m Running 'C:\Users\skc\AppData\Local\Android\Sdk\platform-tools\adb.exe -P 5037 -s 10831153CG000998 shell am start-activity -W -n io.appium.android.apis/io.appium.android.apis.ApiDemos -S -a android.intent.action.MAIN -c android.intent.category.LAUNCHER -f 0x10200000'
[debug] &amp#27;[38;5;48m[ADB]&amp#27;[0m Waiting up to 20000ms for activity matching pkg: 'io.appium.android.apis' and activity: 'io.appium.android.apis.ApiDemos' to be focused
[debug] &amp#27;[38;5;48m[ADB]&amp#27;[0m Possible activities, to be checked: 'io.appium.android.apis.ApiDemos', 'io.appium.android.apis.io.appium.android.apis.ApiDemos'
[debug] &amp#27;[38;5;48m[ADB]&amp#27;[0m Getting focused package and activity
[debug] &amp#27;[38;5;48m[ADB]&amp#27;[0m Running 'C:\Users\skc\AppData\Local\Android\Sdk\platform-tools\adb.exe -P 5037 -s 10831153CG000998 shell dumpsys window displays'
[debug] &amp#27;[38;5;48m[ADB]&amp#27;[0m Found package: 'io.appium.android.apis' and fully qualified activity name : 'io.appium.android.apis.ApiDemos'
&amp#27;[38;5;16m[AppiumDriver@b8c9]&amp#27;[0m New AndroidUiautomator2Driver session created successfully, session d2c43e44-2063-42f8-8084-10164abce55e added to master session list
[debug] &amp#27;[38;5;16m[AppiumDriver@b8c9]&amp#27;[0m Event 'newSessionStarted' logged at 1734346336406 (13:52:16 GMT+0300 (Arabian Standard Time))
[debug] &amp#27;[38;5;32m[AndroidUiautomator2Driver@89e8]&amp#27;[0m Cached the protocol value 'W3C' for the new session d2c43e44-2063-42f8-8084-10164abce55e
[debug] &amp#27;[38;5;32m[AndroidUiautomator2Driver@89e8]&amp#27;[0m Responding to client with driver.createSession() result: {"capabilities":{"platformName":"ANDROID","deviceName":"10831153CG000998","automationName":"UiAutomator2","app":"D:\\New folder\\appiumproject/src/test/resources/ApiDemos-debug.apk","platformVersion":"13","platform":"LINUX","webStorageEnabled":false,"takesScreenshot":true,"javascriptEnabled":true,"databaseEnabled":false,"networkConnectionEnabled":true,"locationContextEnabled":false,"warnings":{},"desired":{"platformName":"ANDROID","deviceName":"10831153CG000998","automationName":"UiAutomator2","app":"D:\\New folder\\appiumproject/src/test/resources/ApiDemos-debug.apk","platformVersion":"13"},"deviceUDID":"10831153CG000998","appPackage":"io.appium.android.apis","pixelRatio":"2","statBarHeight":72,"viewportRect":{"left":0,"top":72,"width":720,"height":1540},"deviceApiLevel":33,"deviceManufacturer":"TECNO","deviceModel":"TECNO BG7","deviceScreenSize":"720x1612","deviceScreenDensity":320}}
&amp#27;[38;5;0m[HTTP]&amp#27;[0m &amp#27;[37m<-- POST /session &amp#27;[39m&amp#27;[32m200&amp#27;[39m &amp#27;[90m9011 ms - 959&amp#27;[39m &amp#27;[90m&amp#27;[39m
&amp#27;[38;5;0m[HTTP]&amp#27;[0m &amp#27;[37m-->&amp#27;[39m &amp#27;[37mGET&amp#27;[39m &amp#27;[37m/session/d2c43e44-2063-42f8-8084-10164abce55e/context&amp#27;[39m &amp#27;[90m{}&amp#27;[39m
[debug] &amp#27;[38;5;32m[AndroidUiautomator2Driver@89e8]&amp#27;[0m Calling AppiumDriver.getCurrentContext() with args: ["d2c43e44-2063-42f8-8084-10164abce55e"]
[debug] &amp#27;[38;5;32m[AndroidUiautomator2Driver@89e8]&amp#27;[0m Responding to client with driver.getCurrentContext() result: "NATIVE_APP"
&amp#27;[38;5;0m[HTTP]&amp#27;[0m &amp#27;[37m<-- GET /session/d2c43e44-2063-42f8-8084-10164abce55e/context &amp#27;[39m&amp#27;[32m200&amp#27;[39m &amp#27;[90m4 ms - 22&amp#27;[39m &amp#27;[90m&amp#27;[39m
&amp#27;[38;5;0m[HTTP]&amp#27;[0m &amp#27;[37m-->&amp#27;[39m &amp#27;[37mPOST&amp#27;[39m &amp#27;[37m/session/d2c43e44-2063-42f8-8084-10164abce55e/element&amp#27;[39m &amp#27;[90m{"value":"//android.widget.TextView[@content-desc=\"Graphics\"]","using":"xpath"}&amp#27;[39m
[debug] &amp#27;[38;5;32m[AndroidUiautomator2Driver@89e8]&amp#27;[0m Calling AppiumDriver.findElement() with args: ["xpath","//android.widget.TextView[@content-desc=\"Graphics\"]","d2c43e44-2063-42f8-8084-10164abce55e"]
[debug] &amp#27;[38;5;32m[AndroidUiautomator2Driver@89e8]&amp#27;[0m Valid locator strategies for this request: xpath, id, class name, accessibility id, css selector, -android uiautomator
[debug] &amp#27;[38;5;32m[AndroidUiautomator2Driver@89e8]&amp#27;[0m Waiting up to 0 ms for condition
[debug] &amp#27;[38;5;32m[AndroidUiautomator2Driver@89e8]&amp#27;[0m Matched '/element' to command name 'findElement'
[debug] &amp#27;[38;5;32m[AndroidUiautomator2Driver@89e8]&amp#27;[0m Proxying [POST /element] to [POST http://127.0.0.1:8200/session/df1c8802-90d2-4e9a-af2a-9e1f2bc07cfb/element] with body: {"strategy":"xpath","selector":"//android.widget.TextView[@content-desc=\"Graphics\"]","context":"","multiple":false}
[debug] &amp#27;[38;5;32m[AndroidUiautomator2Driver@89e8]&amp#27;[0m Got response with status 200: {"sessionId":"df1c8802-90d2-4e9a-af2a-9e1f2bc07cfb","value":{"ELEMENT":"00000000-0000-014d-ffff-ffff0000000d","element-6066-11e4-a52e-4f735466cecf":"00000000-0000-014d-ffff-ffff0000000d"}}
[debug] &amp#27;[38;5;32m[AndroidUiautomator2Driver@89e8]&amp#27;[0m Responding to client with driver.findElement() result: {"element-6066-11e4-a52e-4f735466cecf":"00000000-0000-014d-ffff-ffff0000000d","ELEMENT":"00000000-0000-014d-ffff-ffff0000000d"}
&amp#27;[38;5;0m[HTTP]&amp#27;[0m &amp#27;[37m<-- POST /session/d2c43e44-2063-42f8-8084-10164abce55e/element &amp#27;[39m&amp#27;[32m200&amp#27;[39m &amp#27;[90m1566 ms - 137&amp#27;[39m &amp#27;[90m&amp#27;[39m
&amp#27;[38;5;0m[HTTP]&amp#27;[0m &amp#27;[37m-->&amp#27;[39m &amp#27;[37mPOST&amp#27;[39m &amp#27;[37m/session/d2c43e44-2063-42f8-8084-10164abce55e/element/00000000-0000-014d-ffff-ffff0000000d/click&amp#27;[39m &amp#27;[90m{"id":"00000000-0000-014d-ffff-ffff0000000d"}&amp#27;[39m
[debug] &amp#27;[38;5;32m[AndroidUiautomator2Driver@89e8]&amp#27;[0m Calling AppiumDriver.click() with args: ["00000000-0000-014d-ffff-ffff0000000d","d2c43e44-2063-42f8-8084-10164abce55e"]
[debug] &amp#27;[38;5;32m[AndroidUiautomator2Driver@89e8]&amp#27;[0m Matched '/element/00000000-0000-014d-ffff-ffff0000000d/click' to command name 'click'
[debug] &amp#27;[38;5;32m[AndroidUiautomator2Driver@89e8]&amp#27;[0m Proxying [POST /element/00000000-0000-014d-ffff-ffff0000000d/click] to [POST http://127.0.0.1:8200/session/df1c8802-90d2-4e9a-af2a-9e1f2bc07cfb/element/00000000-0000-014d-ffff-ffff0000000d/click] with body: {"element":"00000000-0000-014d-ffff-ffff0000000d"}
[debug] &amp#27;[38;5;32m[AndroidUiautomator2Driver@89e8]&amp#27;[0m Got response with status 200: {"sessionId":"df1c8802-90d2-4e9a-af2a-9e1f2bc07cfb","value":null}
[debug] &amp#27;[38;5;32m[AndroidUiautomator2Driver@89e8]&amp#27;[0m Responding to client with driver.click() result: null
&amp#27;[38;5;0m[HTTP]&amp#27;[0m &amp#27;[37m<-- POST /session/d2c43e44-2063-42f8-8084-10164abce55e/element/00000000-0000-014d-ffff-ffff0000000d/click &amp#27;[39m&amp#27;[32m200&amp#27;[39m &amp#27;[90m2423 ms - 14&amp#27;[39m &amp#27;[90m&amp#27;[39m
]]></system-out>
    <system-err><![CDATA[SLF4J: Failed to load class "org.slf4j.impl.StaticLoggerBinder".
SLF4J: Defaulting to no-operation (NOP) logger implementation
SLF4J: See http://www.slf4j.org/codes.html#StaticLoggerBinder for further details.
]]></system-err>
  </testcase>
</testsuite>