<?xml version="1.0" encoding="UTF-8"?>
<testng-results ignored="0" total="1" passed="1" failed="0" skipped="0">
  <reporter-output>
  </reporter-output>
  <suite started-at="2024-12-16T13:52:07 AST" name="Suite" finished-at="2024-12-16T13:52:26 AST" duration-ms="19385">
    <groups>
    </groups>
    <test started-at="2024-12-16T13:52:07 AST" name="Test" finished-at="2024-12-16T13:52:26 AST" duration-ms="19385">
      <class name="com.api.homepagetest.HomeTest">
        <test-method is-config="true" signature="runServer(boolean)[pri:0, instance:com.api.homepagetest.HomeTest@36b0fcd5]" started-at="2024-12-16T13:52:02 AST" name="runServer" finished-at="2024-12-16T13:52:07 AST" duration-ms="4187" status="PASS">
          <params>
            <param index="0">
              <value>
                <![CDATA[false]]>
              </value>
            </param>
          </params>
          <reporter-output>
          </reporter-output>
        </test-method> <!-- runServer -->
        <test-method is-config="true" signature="runApplication(java.lang.String,boolean)[pri:0, instance:com.api.homepagetest.HomeTest@36b0fcd5]" started-at="2024-12-16T13:52:07 AST" name="runApplication" finished-at="2024-12-16T13:52:16 AST" duration-ms="9309" status="PASS">
          <params>
            <param index="0">
              <value>
                <![CDATA[Android]]>
              </value>
            </param>
            <param index="1">
              <value>
                <![CDATA[false]]>
              </value>
            </param>
          </params>
          <reporter-output>
          </reporter-output>
        </test-method> <!-- runApplication -->
        <test-method signature="createNewProduct()[pri:1, instance:com.api.homepagetest.HomeTest@36b0fcd5]" started-at="2024-12-16T13:52:16 AST" name="createNewProduct" description="Add a new product and verify it’s added successfully" finished-at="2024-12-16T13:52:25 AST" duration-ms="9356" status="PASS">
          <reporter-output>
          </reporter-output>
        </test-method> <!-- createNewProduct -->
        <test-method is-config="true" signature="tearDown()[pri:0, instance:com.api.homepagetest.HomeTest@36b0fcd5]" started-at="2024-12-16T13:52:25 AST" name="tearDown" finished-at="2024-12-16T13:52:26 AST" duration-ms="661" status="PASS">
          <reporter-output>
          </reporter-output>
        </test-method> <!-- tearDown -->
        <test-method is-config="true" signature="stopServer()[pri:0, instance:com.api.homepagetest.HomeTest@36b0fcd5]" started-at="2024-12-16T13:52:27 AST" name="stopServer" finished-at="2024-12-16T13:52:27 AST" duration-ms="6" status="PASS">
          <reporter-output>
          </reporter-output>
        </test-method> <!-- stopServer -->
      </class> <!-- com.api.homepagetest.HomeTest -->
    </test> <!-- Test -->
  </suite> <!-- Suite -->
</testng-results>
